{"/Users/ferostabio/Code/documenter/contracts/Authentication.sol":{"l":{"32":13,"33":12,"41":10,"42":9,"51":22,"59":1,"68":9,"69":9,"70":9,"72":9,"81":8,"82":8,"83":8,"92":3},"path":"/Users/ferostabio/Code/documenter/contracts/Authentication.sol","s":{"1":13,"2":10,"3":22,"4":1,"5":9,"6":9,"7":9,"8":9,"9":8,"10":3},"b":{"1":[12,1],"2":[9,1],"3":[9,0]},"f":{"1":13,"2":10,"3":22,"4":1,"5":9,"6":8,"7":3},"fnMap":{"1":{"name":"isExistingUser","line":31,"loc":{"start":{"line":31,"column":2},"end":{"line":31,"column":40}}},"2":{"name":"isValidName","line":40,"loc":{"start":{"line":40,"column":2},"end":{"line":40,"column":35}}},"3":{"name":"userExists","line":50,"loc":{"start":{"line":50,"column":2},"end":{"line":50,"column":65}}},"4":{"name":"login","line":58,"loc":{"start":{"line":58,"column":2},"end":{"line":58,"column":73}}},"5":{"name":"signup","line":67,"loc":{"start":{"line":67,"column":2},"end":{"line":67,"column":72}}},"6":{"name":"addDocument","line":80,"loc":{"start":{"line":80,"column":2},"end":{"line":80,"column":83}}},"7":{"name":"getDocuments","line":91,"loc":{"start":{"line":91,"column":2},"end":{"line":91,"column":96}}}},"statementMap":{"1":{"start":{"line":32,"column":4},"end":{"line":32,"column":29}},"2":{"start":{"line":41,"column":4},"end":{"line":41,"column":32}},"3":{"start":{"line":51,"column":4},"end":{"line":51,"column":42}},"4":{"start":{"line":59,"column":4},"end":{"line":59,"column":35}},"5":{"start":{"line":68,"column":4},"end":{"line":68,"column":1720}},"6":{"start":{"line":69,"column":6},"end":{"line":69,"column":35}},"7":{"start":{"line":70,"column":6},"end":{"line":70,"column":33}},"8":{"start":{"line":72,"column":4},"end":{"line":72,"column":35}},"9":{"start":{"line":81,"column":4},"end":{"line":81,"column":42}},"10":{"start":{"line":92,"column":4},"end":{"line":92,"column":38}}},"branchMap":{"1":{"line":32,"type":"if","locations":[{"start":{"line":32,"column":4},"end":{"line":32,"column":4}},{"start":{"line":32,"column":4},"end":{"line":32,"column":4}}]},"2":{"line":41,"type":"if","locations":[{"start":{"line":41,"column":4},"end":{"line":41,"column":4}},{"start":{"line":41,"column":4},"end":{"line":41,"column":4}}]},"3":{"line":68,"type":"if","locations":[{"start":{"line":68,"column":4},"end":{"line":68,"column":4}},{"start":{"line":68,"column":4},"end":{"line":68,"column":4}}]}}},"/Users/ferostabio/Code/documenter/contracts/Documenter.sol":{"l":{"40":8,"41":7,"50":0,"51":0,"52":0,"60":8,"72":7,"73":7,"82":7,"84":7,"86":7,"95":12,"109":2,"111":2,"112":2,"113":2,"114":1,"116":2},"path":"/Users/ferostabio/Code/documenter/contracts/Documenter.sol","s":{"1":8,"2":0,"3":0,"4":8,"5":7,"6":7,"7":7,"8":7,"9":12,"10":2,"11":2,"12":2,"13":2,"14":1,"15":2},"b":{"1":[7,1],"2":[0,0],"3":[0,0],"4":[2,0],"5":[1,1]},"f":{"1":8,"2":0,"3":8,"4":7,"5":7,"6":12,"7":2},"fnMap":{"1":{"name":"isNewDocument","line":39,"loc":{"start":{"line":39,"column":2},"end":{"line":39,"column":39}}},"2":{"name":"isDocumentOwner","line":49,"loc":{"start":{"line":49,"column":2},"end":{"line":49,"column":57}}},"3":{"name":"Documenter","line":59,"loc":{"start":{"line":59,"column":2},"end":{"line":59,"column":53}}},"4":{"name":"notarizeDocument","line":71,"loc":{"start":{"line":71,"column":2},"end":{"line":71,"column":136}}},"5":{"name":"storeDocument","line":81,"loc":{"start":{"line":81,"column":2},"end":{"line":81,"column":58}}},"6":{"name":"documentExists","line":94,"loc":{"start":{"line":94,"column":2},"end":{"line":94,"column":67}}},"7":{"name":"getDocumentData","line":108,"loc":{"start":{"line":108,"column":2},"end":{"line":108,"column":157}}}},"statementMap":{"1":{"start":{"line":40,"column":4},"end":{"line":40,"column":34}},"2":{"start":{"line":50,"column":4},"end":{"line":50,"column":33}},"3":{"start":{"line":51,"column":4},"end":{"line":51,"column":37}},"4":{"start":{"line":60,"column":4},"end":{"line":60,"column":51}},"5":{"start":{"line":72,"column":4},"end":{"line":72,"column":164}},"6":{"start":{"line":73,"column":4},"end":{"line":73,"column":26}},"7":{"start":{"line":82,"column":4},"end":{"line":82,"column":34}},"8":{"start":{"line":86,"column":4},"end":{"line":86,"column":105}},"9":{"start":{"line":95,"column":4},"end":{"line":95,"column":38}},"10":{"start":{"line":109,"column":4},"end":{"line":109,"column":33}},"11":{"start":{"line":111,"column":4},"end":{"line":111,"column":46}},"12":{"start":{"line":112,"column":4},"end":{"line":112,"column":23}},"13":{"start":{"line":113,"column":4},"end":{"line":113,"column":3950}},"14":{"start":{"line":114,"column":6},"end":{"line":114,"column":28}},"15":{"start":{"line":116,"column":4},"end":{"line":116,"column":98}}},"branchMap":{"1":{"line":40,"type":"if","locations":[{"start":{"line":40,"column":4},"end":{"line":40,"column":4}},{"start":{"line":40,"column":4},"end":{"line":40,"column":4}}]},"2":{"line":50,"type":"if","locations":[{"start":{"line":50,"column":4},"end":{"line":50,"column":4}},{"start":{"line":50,"column":4},"end":{"line":50,"column":4}}]},"3":{"line":51,"type":"if","locations":[{"start":{"line":51,"column":4},"end":{"line":51,"column":4}},{"start":{"line":51,"column":4},"end":{"line":51,"column":4}}]},"4":{"line":109,"type":"if","locations":[{"start":{"line":109,"column":4},"end":{"line":109,"column":4}},{"start":{"line":109,"column":4},"end":{"line":109,"column":4}}]},"5":{"line":113,"type":"if","locations":[{"start":{"line":113,"column":4},"end":{"line":113,"column":4}},{"start":{"line":113,"column":4},"end":{"line":113,"column":4}}]}}},"/Users/ferostabio/Code/documenter/contracts/Model.sol":{"l":{},"path":"/Users/ferostabio/Code/documenter/contracts/Model.sol","s":{},"b":{},"f":{},"fnMap":{},"statementMap":{},"branchMap":{}}}